COORDINATE NAME : 1 | DATE : 2024. 01. 08. (월) 21:33:46 KST
#----------------------------------GEOMETRY----------------------------------#
 C    0.000002243605    0.934896285210   -1.350304622382
 C    0.000002243605    0.934896285210    0.008121066651
 C    0.000002243605   -0.263692301238    0.896979119827
 C   -0.000007099708   -1.563588238341    0.502534037422
 H   -0.000017456692   -1.862091905806   -0.549821203031
 H   -0.000009547095   -2.378959244511    1.229163485107
 H    0.000009675852   -0.047445804204    1.971945380811
 H    0.000007061928    1.900762793720    0.527175276055
 H    0.000005277443    0.014566238624   -1.941530929033
 H    0.000009380924    1.866984454046   -1.919545753567
#---------------------------------EDA RESULT---------------------------------#
Total interaction energy:   -127.49 kcal/mol
Electrostatic (E_els):   -141.30 kcal/mol
Exchange (E_x):    -76.83 kcal/mol
Pauli repulsion (E_rep):    287.00 kcal/mol
Exchange-repulsion (E_xrep = E_x + E_rep):    210.17 kcal/mol
Orbital (E_orb):   -172.95 kcal/mol
DFT correlation (E_DFTc):    -20.38 kcal/mol
Dispersion correction (E_dc):     -3.03 kcal/mol
Coulomb correlation (E_c = E_DFTc + E_dc):    -23.41 kcal/mol
#----------------------------------------------------------------------------#



COORDINATE NAME : 2 | DATE : 2024. 01. 08. (월) 21:35:17 KST
#----------------------------------GEOMETRY----------------------------------#
 C   -0.049058106371    0.933200505002   -1.348805311353
 C   -0.049058106371    0.933200505002    0.009473188455
 C   -0.049058106371   -0.268511678191    0.893790832996
 C    0.140912341181   -1.555469131173    0.503190225619
 H    0.346631690666   -1.832052438142   -0.534955810236
 H    0.108220355003   -2.379364979322    1.219413407803
 H   -0.234152061394   -0.068527651582    1.955936456799
 H   -0.035911381335    1.898084178028    0.530274357853
 H   -0.077989740438    0.012138442297   -1.938188748941
 H   -0.032238564045    1.864632387051   -1.918895664544
#---------------------------------EDA RESULT---------------------------------#
Total interaction energy:   -127.49 kcal/mol
Electrostatic (E_els):   -141.52 kcal/mol
Exchange (E_x):    -76.95 kcal/mol
Pauli repulsion (E_rep):    287.43 kcal/mol
Exchange-repulsion (E_xrep = E_x + E_rep):    210.48 kcal/mol
Orbital (E_orb):   -173.03 kcal/mol
DFT correlation (E_DFTc):    -20.38 kcal/mol
Dispersion correction (E_dc):     -3.03 kcal/mol
Coulomb correlation (E_c = E_DFTc + E_dc):    -23.42 kcal/mol
#----------------------------------------------------------------------------#



COORDINATE NAME : 3 | DATE : 2024. 01. 08. (월) 21:36:51 KST
#----------------------------------GEOMETRY----------------------------------#
 C   -0.097223279865    0.927494288427   -1.348549367643
 C   -0.097223279865    0.927494288427    0.009467852626
 C   -0.097223279865   -0.281116249783    0.883950526669
 C    0.279093153386   -1.532084980759    0.512904615552
 H    0.667399521905   -1.754427170052   -0.485278982010
 H    0.227404261110   -2.374035435900    1.206753757913
 H   -0.449265820694   -0.121750632561    1.910343819491
 H   -0.082755743954    1.890444181494    0.534207017159
 H   -0.140950765187    0.004343167445   -1.933754899203
 H   -0.072083005113    1.857871115972   -1.920171394799
#---------------------------------EDA RESULT---------------------------------#
Total interaction energy:   -127.46 kcal/mol
Electrostatic (E_els):   -141.97 kcal/mol
Exchange (E_x):    -77.16 kcal/mol
Pauli repulsion (E_rep):    288.18 kcal/mol
Exchange-repulsion (E_xrep = E_x + E_rep):    211.02 kcal/mol
Orbital (E_orb):   -173.09 kcal/mol
DFT correlation (E_DFTc):    -20.38 kcal/mol
Dispersion correction (E_dc):     -3.04 kcal/mol
Coulomb correlation (E_c = E_DFTc + E_dc):    -23.42 kcal/mol
#----------------------------------------------------------------------------#



