Number of fragments: 2

Charge and spin multiplicity of fragment 1: 0 2
Indices of atoms in fragment 1: 3-7
Generating Gaussian input file of fragment 1 via Multiwfn (1_fragment1.gjf)
Running: g16 < 1_fragment1.gjf &> 1_fragment1.out
Finished successfully!
Running: formchk 1_fragment1.chk 1_fragment1.fch
Energy components of fragment 1:
E_tot = -77.8962748364 Hartree
E_T = 77.009955 Hartree
E_els = -143.0536860354 Hartree
E_x = -11.247144 Hartree
E_c = -0.602294 Hartree
E_disp = -0.0031058010 Hartree

Charge and spin multiplicity of fragment 2: 0 2
Indices of atoms in fragment 2: 1-2, 8-10
Generating Gaussian input file of fragment 2 via Multiwfn (1_fragment2.gjf)
Running: g16 < 1_fragment2.gjf &> 1_fragment2.out
Finished successfully!
Running: formchk 1_fragment2.chk 1_fragment2.fch
Energy components of fragment 2:
E_tot = -77.8962743108 Hartree
E_T = 77.009950 Hartree
E_els = -143.0536835087 Hartree
E_x = -11.247142 Hartree
E_c = -0.602293 Hartree
E_disp = -0.0031058021 Hartree

Note: Calculation of whole system will be conducted in unrestricted way

Generating fch file of promolecular state via Multiwfn (1_promol.fch)
Running: unfchk 1_promol.fch 1_promol.chk
Generating Gaussian input file of promolecular state via Multiwfn (1_promol.gjf)
Running: g16 < 1_promol.gjf &> 1_promol.out
Finished successfully!
Energy components of promolecular state:
E_tot = -156.177467437 Hartree
E_T = 154.019905 Hartree
E_els = -286.3325475016 Hartree
E_x = -22.616727 Hartree
E_c = -1.237062 Hartree
E_disp = -0.0110359354 Hartree

Generating Gaussian input file of final state (1_final.gjf)
Running: g16 < final.gjf &> final.out
Finished successfully!
Energy components of final state:
E_tot = -155.995718999 Hartree
E_T = 154.196376 Hartree
E_els = -286.3568450636 Hartree
E_x = -22.580528 Hartree
E_c = -1.243686 Hartree
E_disp = -0.0110359354 Hartree
Frozen state energy: -155.720100321857 Hartree

*************************
***** Final results *****
*************************

Total interaction energy:   -127.49 kcal/mol

Physical components of interaction energy derived by sobEDA:
Electrostatic (E_els):   -141.30 kcal/mol
Exchange (E_x):    -76.83 kcal/mol
Pauli repulsion (E_rep):    287.00 kcal/mol
Exchange-repulsion (E_xrep = E_x + E_rep):    210.17 kcal/mol
Orbital (E_orb):   -172.95 kcal/mol
DFT correlation (E_DFTc):    -20.38 kcal/mol
Dispersion correction (E_dc):     -3.03 kcal/mol
Coulomb correlation (E_c = E_DFTc + E_dc):    -23.41 kcal/mol

Please do not forget to cite original paper of Multiwfn program and sobEDA method in your work!
