Number of fragments: 2

Charge and spin multiplicity of fragment 1: 0 2
Indices of atoms in fragment 1: 3-7
Generating Gaussian input file of fragment 1 via Multiwfn (2_fragment1.gjf)
Running: g16 < 2_fragment1.gjf &> 2_fragment1.out
Finished successfully!
Running: formchk 2_fragment1.chk 2_fragment1.fch
Energy components of fragment 1:
E_tot = -77.8963420141 Hartree
E_T = 77.010162 Hartree
E_els = -143.0539003468 Hartree
E_x = -11.247199 Hartree
E_c = -0.602299 Hartree
E_disp = -0.0031056673 Hartree

Charge and spin multiplicity of fragment 2: 0 2
Indices of atoms in fragment 2: 1-2, 8-10
Generating Gaussian input file of fragment 2 via Multiwfn (2_fragment2.gjf)
Running: g16 < 2_fragment2.gjf &> 2_fragment2.out
Finished successfully!
Running: formchk 2_fragment2.chk 2_fragment2.fch
Energy components of fragment 2:
E_tot = -77.8963415483 Hartree
E_T = 77.010159 Hartree
E_els = -143.0538988799 Hartree
E_x = -11.247198 Hartree
E_c = -0.602298 Hartree
E_disp = -0.0031056684 Hartree

Note: Calculation of whole system will be conducted in unrestricted way

Generating fch file of promolecular state via Multiwfn (2_promol.fch)
Running: unfchk 2_promol.fch 2_promol.chk
Generating Gaussian input file of promolecular state via Multiwfn (2_promol.gjf)
Running: g16 < 2_promol.gjf &> 2_promol.out
Finished successfully!
Energy components of promolecular state:
E_tot = -156.178152465 Hartree
E_T = 154.020321 Hartree
E_els = -286.3333262471 Hartree
E_x = -22.617024 Hartree
E_c = -1.237081 Hartree
E_disp = -0.0110422179 Hartree

Generating Gaussian input file of final state (2_final.gjf)
Running: g16 < final.gjf &> final.out
Finished successfully!
Energy components of final state:
E_tot = -155.995843977 Hartree
E_T = 154.196761 Hartree
E_els = -286.3573327591 Hartree
E_x = -22.580529 Hartree
E_c = -1.243701 Hartree
E_disp = -0.0110422179 Hartree
Frozen state energy: -155.720099057705 Hartree

*************************
***** Final results *****
*************************

Total interaction energy:   -127.49 kcal/mol

Physical components of interaction energy derived by sobEDA:
Electrostatic (E_els):   -141.52 kcal/mol
Exchange (E_x):    -76.95 kcal/mol
Pauli repulsion (E_rep):    287.43 kcal/mol
Exchange-repulsion (E_xrep = E_x + E_rep):    210.48 kcal/mol
Orbital (E_orb):   -173.03 kcal/mol
DFT correlation (E_DFTc):    -20.38 kcal/mol
Dispersion correction (E_dc):     -3.03 kcal/mol
Coulomb correlation (E_c = E_DFTc + E_dc):    -23.42 kcal/mol

Please do not forget to cite original paper of Multiwfn program and sobEDA method in your work!
